Removed Pin From Net: NetName=GND Pin=C1-1
Removed Pin From Net: NetName=5V_USB_STLK Pin=C1-2
Removed Pin From Net: NetName=GND Pin=C2-1
Removed Pin From Net: NetName=GND Pin=C3-1
Removed Pin From Net: NetName=GND Pin=C4-2
Removed Pin From Net: NetName=GND Pin=C5-1
Removed Pin From Net: NetName=STLK_MCO Pin=C5-2
Removed Pin From Net: NetName=GND Pin=C6-1
Removed Pin From Net: NetName=GND Pin=C7-1
Removed Pin From Net: NetName=GND Pin=C8-1
Removed Pin From Net: NetName=GND Pin=C9-1
Removed Pin From Net: NetName=GND Pin=C10-1
Removed Pin From Net: NetName=GND Pin=C11-1
Removed Pin From Net: NetName=GND Pin=C12-1
Removed Pin From Net: NetName=GND Pin=C13-1
Removed Pin From Net: NetName=GND Pin=C14-1
Removed Pin From Net: NetName=GND Pin=C15-1
Removed Pin From Net: NetName=GND Pin=C16-1
Removed Pin From Net: NetName=GND Pin=C17-1
Removed Pin From Net: NetName=GND Pin=C18-2
Removed Pin From Net: NetName=GND Pin=C19-1
Removed Pin From Net: NetName=GND Pin=C20-1
Removed Pin From Net: NetName=GND Pin=C21-1
Removed Pin From Net: NetName=GND Pin=C22-1
Removed Pin From Net: NetName=GND Pin=C23-1
Removed Pin From Net: NetName=GND Pin=C24-1
Removed Pin From Net: NetName=GND Pin=C25-1
Removed Pin From Net: NetName=GND Pin=C26-2
Removed Pin From Net: NetName=GND Pin=C27-1
Removed Pin From Net: NetName=GND Pin=C28-1
Removed Pin From Net: NetName=GND Pin=C29-1
Removed Pin From Net: NetName=GND Pin=C30-1
Removed Pin From Net: NetName=GND Pin=C31-1
Removed Pin From Net: NetName=GND Pin=C32-1
Removed Pin From Net: NetName=GND Pin=C33-1
Removed Pin From Net: NetName=GND Pin=C34-1
Removed Pin From Net: NetName=GND Pin=C35-1
Removed Pin From Net: NetName=GND Pin=C36-1
Removed Pin From Net: NetName=GND Pin=C37-1
Removed Pin From Net: NetName=GND Pin=C43-2
Removed Pin From Net: NetName=GND Pin=C44-2
Removed Pin From Net: NetName=GND Pin=C45-1
Removed Pin From Net: NetName=AGND Pin=C70-1
Removed Pin From Net: NetName=VREFP Pin=C70-2
Removed Pin From Net: NetName=GND Pin=CAN_TJA?-2
Removed Pin From Net: NetName=GND Pin=CAN_TJA?-8
Removed Pin From Net: NetName=GND Pin=CN1-5
Removed Pin From Net: NetName=GND Pin=CN1-6
Removed Pin From Net: NetName=GND Pin=CN1-7
Removed Pin From Net: NetName=GND Pin=CN1-8
Removed Pin From Net: NetName=GND Pin=CN1-9
Removed Pin From Net: NetName=GND Pin=CN1-10
Removed Pin From Net: NetName=GND Pin=CN1-11
Removed Pin From Net: NetName=GND Pin=CN2-3
Removed Pin From Net: NetName=GND Pin=CN3-1
Removed Pin From Net: NetName=GND Pin=CN3-2
Removed Pin From Net: NetName=GND Pin=CN4-1
Removed Pin From Net: NetName=GND Pin=CN4-2
Removed Pin From Net: NetName=PA13 Pin=CN5-4
Removed Pin From Net: NetName=GND Pin=CN5-5
Removed Pin From Net: NetName=PA14 Pin=CN5-6
Removed Pin From Net: NetName=GND Pin=CN5-7
Removed Pin From Net: NetName=T_SWO Pin=CN5-8
Removed Pin From Net: NetName=PA15 Pin=CN5-10
Removed Pin From Net: NetName=NRST Pin=CN5-12
Removed Pin From Net: NetName=T_VCP_RX Pin=CN5-13
Removed Pin From Net: NetName=T_VCP_TX Pin=CN5-14
Removed Pin From Net: NetName=PC6 Pin=CN7-1
Removed Pin From Net: NetName=PB8 Pin=CN7-2
Removed Pin From Net: NetName=PB15 Pin=CN7-3
Removed Pin From Net: NetName=PB9 Pin=CN7-4
Removed Pin From Net: NetName=PB12 Pin=CN7-7
Removed Pin From Net: NetName=GND Pin=CN7-8
Removed Pin From Net: NetName=PA15 Pin=CN7-9
Removed Pin From Net: NetName=PA5 Pin=CN7-10
Removed Pin From Net: NetName=PC7 Pin=CN7-11
Removed Pin From Net: NetName=PA6 Pin=CN7-12
Removed Pin From Net: NetName=PD14 Pin=CN7-16
Removed Pin From Net: NetName=PA4 Pin=CN7-17
Removed Pin From Net: NetName=PD15 Pin=CN7-18
Removed Pin From Net: NetName=PB4 Pin=CN7-19
Removed Pin From Net: NetName=PC8 Pin=CN8-2
Removed Pin From Net: NetName=IOREF Pin=CN8-3
Removed Pin From Net: NetName=PC9 Pin=CN8-4
Removed Pin From Net: NetName=NRST Pin=CN8-5
Removed Pin From Net: NetName=PC10 Pin=CN8-6
Removed Pin From Net: NetName=PC11 Pin=CN8-8
Removed Pin From Net: NetName=5V Pin=CN8-9
Removed Pin From Net: NetName=PC12 Pin=CN8-10
Removed Pin From Net: NetName=GND Pin=CN8-11
Removed Pin From Net: NetName=PD2 Pin=CN8-12
Removed Pin From Net: NetName=GND Pin=CN8-13
Removed Pin From Net: NetName=VIN Pin=CN8-15
Removed Pin From Net: NetName=PA3 Pin=CN9-1
Removed Pin From Net: NetName=PD7 Pin=CN9-2
Removed Pin From Net: NetName=PC0 Pin=CN9-3
Removed Pin From Net: NetName=PD6 Pin=CN9-4
Removed Pin From Net: NetName=PC3 Pin=CN9-5
Removed Pin From Net: NetName=PD5 Pin=CN9-6
Removed Pin From Net: NetName=PB1 Pin=CN9-7
Removed Pin From Net: NetName=PD4 Pin=CN9-8
Removed Pin From Net: NetName=PD3 Pin=CN9-10
Removed Pin From Net: NetName=GND Pin=CN9-12
Removed Pin From Net: NetName=PE9 Pin=CN9-15
Removed Pin From Net: NetName=PE4 Pin=CN9-16
Removed Pin From Net: NetName=PE5 Pin=CN9-18
Removed Pin From Net: NetName=PF14 Pin=CN9-19
Removed Pin From Net: NetName=PF15 Pin=CN9-21
Removed Pin From Net: NetName=PE3 Pin=CN9-22
Removed Pin From Net: NetName=GND Pin=CN9-23
Removed Pin From Net: NetName=PF8 Pin=CN9-24
Removed Pin From Net: NetName=PD0 Pin=CN9-25
Removed Pin From Net: NetName=PF7 Pin=CN9-26
Removed Pin From Net: NetName=PD1 Pin=CN9-27
Removed Pin From Net: NetName=PF9 Pin=CN9-28
Removed Pin From Net: NetName=PB14 Pin=CN9-29
Removed Pin From Net: NetName=VDDA Pin=CN10-1
Removed Pin From Net: NetName=AGND Pin=CN10-3
Removed Pin From Net: NetName=GND Pin=CN10-5
Removed Pin From Net: NetName=PE11 Pin=CN10-6
Removed Pin From Net: NetName=PE14 Pin=CN10-8
Removed Pin From Net: NetName=PE13 Pin=CN10-10
Removed Pin From Net: NetName=PG14 Pin=CN10-12
Removed Pin From Net: NetName=PG6 Pin=CN10-13
Removed Pin From Net: NetName=ARD_D1_TX Pin=CN10-14
Removed Pin From Net: NetName=ARD_D0_RX Pin=CN10-16
Removed Pin From Net: NetName=GND Pin=CN10-17
Removed Pin From Net: NetName=PE8 Pin=CN10-18
Removed Pin From Net: NetName=PD13 Pin=CN10-19
Removed Pin From Net: NetName=PE7 Pin=CN10-20
Removed Pin From Net: NetName=PD12 Pin=CN10-21
Removed Pin From Net: NetName=GND Pin=CN10-22
Removed Pin From Net: NetName=PD11 Pin=CN10-23
Removed Pin From Net: NetName=PE10 Pin=CN10-24
Removed Pin From Net: NetName=PE12 Pin=CN10-26
Removed Pin From Net: NetName=GND Pin=CN10-27
Removed Pin From Net: NetName=PE15 Pin=CN10-30
Removed Pin From Net: NetName=PB0 Pin=CN10-31
Removed Pin From Net: NetName=PB10 Pin=CN10-32
Removed Pin From Net: NetName=PE0 Pin=CN10-33
Removed Pin From Net: NetName=PB11 Pin=CN10-34
Removed Pin From Net: NetName=GND Pin=JP1-1
Removed Pin From Net: NetName=5V_USB_STLK Pin=JP2-1
Removed Pin From Net: NetName=5V Pin=JP2-2
Removed Pin From Net: NetName=5V Pin=JP2-4
Removed Pin From Net: NetName=5V Pin=JP2-6
Removed Pin From Net: NetName=5V Pin=JP2-8
Removed Pin From Net: NetName=NRST Pin=JP3-2
Removed Pin From Net: NetName=VDD_MCU Pin=JP4-2
Removed Pin From Net: NetName=GND Pin=LD4-1
Removed Pin From Net: NetName=GND Pin=PCAN-3
Removed Pin From Net: NetName=T_VCP_TX Pin=R3-1
Removed Pin From Net: NetName=STLK_MCO Pin=R5-2
Removed Pin From Net: NetName=GND Pin=R6-1
Removed Pin From Net: NetName=GND Pin=R7-2
Removed Pin From Net: NetName=PA13 Pin=R10-1
Removed Pin From Net: NetName=PA14 Pin=R11-2
Removed Pin From Net: NetName=T_SWO Pin=R13-1
Removed Pin From Net: NetName=GND Pin=R14-1
Removed Pin From Net: NetName=5V Pin=R15-1
Removed Pin From Net: NetName=GND Pin=R17-1
Removed Pin From Net: NetName=GND Pin=R18-2
Removed Pin From Net: NetName=GND Pin=R22-1
Removed Pin From Net: NetName=T_VCP_RX Pin=R23-2
Removed Pin From Net: NetName=GND Pin=R32-1
Removed Pin From Net: NetName=PB13 Pin=SB8-1
Removed Pin From Net: NetName=PA8 Pin=SB28-2
Removed Pin From Net: NetName=PG10 Pin=SB30-2
Removed Pin From Net: NetName=PG8 Pin=SB31-2
Removed Pin From Net: NetName=PB8 Pin=SB39-1
Removed Pin From Net: NetName=PF11 Pin=SB40-1
Removed Pin From Net: NetName=PG9 Pin=SB41-2
Removed Pin From Net: NetName=PB2 Pin=SB44-1
Removed Pin From Net: NetName=PG12 Pin=SB45-2
Removed Pin From Net: NetName=PB3 Pin=SB49-1
Removed Pin From Net: NetName=PB2 Pin=SB51-1
Removed Pin From Net: NetName=PB5 Pin=SB53-1
Removed Pin From Net: NetName=PB5 Pin=SB55-1
Removed Pin From Net: NetName=PA7 Pin=SB56-2
Removed Pin From Net: NetName=PB5 Pin=SB57-2
Removed Pin From Net: NetName=PC5 Pin=SB58-1
Removed Pin From Net: NetName=VREFP Pin=SB60-2
Removed Pin From Net: NetName=PB9 Pin=SB62-1
Removed Pin From Net: NetName=PC2 Pin=SB69-1
Removed Pin From Net: NetName=PC1 Pin=SB70-1
Removed Pin From Net: NetName=PF6 Pin=SB73-1
Removed Pin From Net: NetName=PA2 Pin=SB78-1
Removed Pin From Net: NetName=PE6 Pin=SB85-2
Removed Pin From Net: NetName=PE6 Pin=SB86-2
Removed Pin From Net: NetName=PE2 Pin=SB87-1
Removed Pin From Net: NetName=PE2 Pin=SB88-2
Removed Pin From Net: NetName=PA0 Pin=SB89-1
Removed Pin From Net: NetName=PF10 Pin=SB93-1
Removed Pin From Net: NetName=VOUTVDD Pin=SB97-1
Removed Pin From Net: NetName=PD10 Pin=SB99-2
Removed Pin From Net: NetName=GND Pin=U1-4
Removed Pin From Net: NetName=GND Pin=U1-5
Removed Pin From Net: NetName=5V_USB_STLK Pin=U2-1
Removed Pin From Net: NetName=GND Pin=U2-2
Removed Pin From Net: NetName=GND Pin=U3-2
Removed Pin From Net: NetName=GND Pin=U4-2
Removed Pin From Net: NetName=GND Pin=U5-3
Removed Pin From Net: NetName=GND Pin=U6-2
Removed Pin From Net: NetName=GND Pin=U7-D5
Removed Pin From Net: NetName=GND Pin=U7-D6
Removed Pin From Net: NetName=GND Pin=U7-D7
Removed Pin From Net: NetName=GND Pin=U7-D8
Removed Pin From Net: NetName=GND Pin=U7-D9
Removed Pin From Net: NetName=GND Pin=U7-F2
Removed Pin From Net: NetName=GND Pin=U7-F6
Removed Pin From Net: NetName=GND Pin=U7-F7
Removed Pin From Net: NetName=GND Pin=U7-F8
Removed Pin From Net: NetName=GND Pin=U7-F9
Removed Pin From Net: NetName=GND Pin=U7-F10
Removed Pin From Net: NetName=GND Pin=U7-F12
Removed Pin From Net: NetName=GND Pin=U7-G2
Removed Pin From Net: NetName=GND Pin=U7-G6
Removed Pin From Net: NetName=GND Pin=U7-G7
Removed Pin From Net: NetName=GND Pin=U7-G8
Removed Pin From Net: NetName=GND Pin=U7-G9
Removed Pin From Net: NetName=GND Pin=U7-G10
Removed Pin From Net: NetName=GND Pin=U7-G12
Removed Pin From Net: NetName=GND Pin=U7-H6
Removed Pin From Net: NetName=GND Pin=U7-H7
Removed Pin From Net: NetName=GND Pin=U7-H8
Removed Pin From Net: NetName=GND Pin=U7-H9
Removed Pin From Net: NetName=GND Pin=U7-H10
Removed Pin From Net: NetName=GND Pin=U7-H12
Removed Pin From Net: NetName=GND Pin=U7-J6
Removed Pin From Net: NetName=GND Pin=U7-J7
Removed Pin From Net: NetName=GND Pin=U7-J8
Removed Pin From Net: NetName=GND Pin=U7-J9
Removed Pin From Net: NetName=GND Pin=U7-J10
Removed Pin From Net: NetName=GND Pin=U7-K6
Removed Pin From Net: NetName=GND Pin=U7-K7
Removed Pin From Net: NetName=GND Pin=U7-K8
Removed Pin From Net: NetName=GND Pin=U7-K9
Removed Pin From Net: NetName=GND Pin=U7-K10
Removed Pin From Net: NetName=GND Pin=U7-M1
Removed Pin From Net: NetName=GND Pin=U7-M8
Removed Pin From Net: NetName=GND Pin=U7-M9
Removed Pin From Net: NetName=GND Pin=U7-N1
Removed Pin From Net: NetName=PA15 Pin=U8-1
Removed Pin From Net: NetName=GND Pin=U8-2
Removed Pin From Net: NetName=T_SWO Pin=U8-3
Removed Pin From Net: NetName=PA14 Pin=U8-4
Removed Pin From Net: NetName=PA13 Pin=U8-5
Removed Pin From Net: NetName=GND Pin=U9-2
Removed Pin From Net: NetName=GND Pin=U10-4
Removed Pin From Net: NetName=GND Pin=U10-5
Removed Pin From Net: NetName=GND Pin=U13-2
Removed Pin From Net: NetName=GND Pin=U13-EP
Removed Pin From Net: NetName=T_VCP_RX Pin=U24-1
Removed Pin From Net: NetName=GND Pin=U24-2
Removed Pin From Net: NetName=T_VCP_TX Pin=U24-3
Removed Pin From Net: NetName=NRST Pin=U24-5
Removed Pin From Net: NetName=GND Pin=X1-2
Removed Member From Class: ClassName=U_Power_Board Member=C43
Removed Member From Class: ClassName=U_Power_Board Member=C44
Removed Member From Class: ClassName=U_Power_Board Member=C45
Removed Member From Class: ClassName=U_Connectors Member=C70
Removed Member From Class: ClassName=U_Connectors Member=CN7
Removed Member From Class: ClassName=U_Connectors Member=CN8
Removed Member From Class: ClassName=U_Connectors Member=CN9
Removed Member From Class: ClassName=U_Connectors Member=CN10
Removed Member From Class: ClassName=U_Power_Board Member=JP2
Removed Member From Class: ClassName=U_MCU_144_POWER Member=JP4
Removed Member From Class: ClassName=U_Power_Board Member=JP5
Removed Member From Class: ClassName=U_Power_Board Member=R30
Removed Member From Class: ClassName=U_Power_Board Member=R31
Removed Member From Class: ClassName=U_Power_Board Member=R32
Removed Member From Class: ClassName=U_Power_Board Member=SB2
Removed Member From Class: ClassName=U_Power_Board Member=SB6
Removed Member From Class: ClassName=U_Power_Board Member=SB7
Removed Member From Class: ClassName=U_Connectors Member=SB8
Removed Member From Class: ClassName=U_Connectors Member=SB28
Removed Member From Class: ClassName=U_Connectors Member=SB30
Removed Member From Class: ClassName=U_Connectors Member=SB31
Removed Member From Class: ClassName=U_Connectors Member=SB39
Removed Member From Class: ClassName=U_Connectors Member=SB40
Removed Member From Class: ClassName=U_Connectors Member=SB41
Removed Member From Class: ClassName=U_Connectors Member=SB44
Removed Member From Class: ClassName=U_Connectors Member=SB45
Removed Member From Class: ClassName=U_Connectors Member=SB49
Removed Member From Class: ClassName=U_Connectors Member=SB51
Removed Member From Class: ClassName=U_Connectors Member=SB53
Removed Member From Class: ClassName=U_Connectors Member=SB55
Removed Member From Class: ClassName=U_Connectors Member=SB56
Removed Member From Class: ClassName=U_Connectors Member=SB57
Removed Member From Class: ClassName=U_Connectors Member=SB58
Removed Member From Class: ClassName=U_Connectors Member=SB60
Removed Member From Class: ClassName=U_Connectors Member=SB62
Removed Member From Class: ClassName=U_Connectors Member=SB69
Removed Member From Class: ClassName=U_Connectors Member=SB70
Removed Member From Class: ClassName=U_Connectors Member=SB73
Removed Member From Class: ClassName=U_Connectors Member=SB78
Removed Member From Class: ClassName=U_Connectors Member=SB85
Removed Member From Class: ClassName=U_Connectors Member=SB86
Removed Member From Class: ClassName=U_Connectors Member=SB87
Removed Member From Class: ClassName=U_Connectors Member=SB88
Removed Member From Class: ClassName=U_Connectors Member=SB89
Removed Member From Class: ClassName=U_Connectors Member=SB93
Removed Member From Class: ClassName=U_Power_Board Member=SB97
Removed Member From Class: ClassName=U_Connectors Member=SB99
Removed Member From Class: ClassName=U_Power_Board Member=TP2
Removed Member From Class: ClassName=U_Power_Board Member=TP3
Removed Member From Class: ClassName=U_Power_Board Member=U13
Added Pin To Net: NetName=VDD_MCU Pin=B1-1
Added Pin To Net: NetName=VDD_MCU Pin=B1-2
Added Pin To Net: NetName=VDD_MCU Pin=C39-2
Added Pin To Net: NetName=5V Pin=C41-2
Added Pin To Net: NetName=VDD_MCU Pin=C79-2
Added Pin To Net: NetName=VDD_MCU Pin=CN6-1
Added Pin To Net: NetName=VDD_MCU Pin=CN11-5
Added Pin To Net: NetName=5V Pin=CN11-6
Added Pin To Net: NetName=VDD_MCU Pin=CN11-16
Added Pin To Net: NetName=VDD_MCU Pin=L2-2
Added Pin To Net: NetName=VDD_MCU Pin=R26-2
Added Pin To Net: NetName=VDD_MCU Pin=R27-2
Added Pin To Net: NetName=VDD_MCU Pin=R28-2
Added Pin To Net: NetName=VDD_MCU Pin=R43-2
Added Pin To Net: NetName=VDD_MCU Pin=R46-2
Added Pin To Net: NetName=VDD_MCU Pin=R49-2
Added Pin To Net: NetName=VDD_MCU Pin=R50-2
Added Pin To Net: NetName=VDD_MCU Pin=R51-2
Added Pin To Net: NetName=VDD_MCU Pin=R59-2
Added Pin To Net: NetName=VDD_MCU Pin=R64-2
Added Pin To Net: NetName=VDD_MCU Pin=R68-2
Added Pin To Net: NetName=VDD_MCU Pin=R69-2
Added Pin To Net: NetName=VDD_MCU Pin=SB14-1
Added Pin To Net: NetName=VDD_MCU Pin=SB18-2
Added Pin To Net: NetName=VDD_MCU Pin=SB19-2
Added Pin To Net: NetName=VDD_MCU Pin=SB24-1
Added Pin To Net: NetName=VDD_MCU Pin=TP1-1
Added Pin To Net: NetName=VDD_MCU Pin=U11-4
Added Pin To Net: NetName=VDD_MCU Pin=U11-5
Added Pin To Net: NetName=5V Pin=U12-2
Added Pin To Net: NetName=5V Pin=U12-4
Added Pin To Net: NetName=VDD_MCU Pin=U15-9
Change Net Name : Old Net Name=VDD_MCU New Net Name=3V3
