Removed Member From Class: ClassName=U_Connectors Member=J1
Removed Member From Class: ClassName=U_MCU_144_POWER Member=L?
Change Component Comment : Designator=CN? Old Comment=NM New Comment=
Change Component Designator: OldDesignator=CN? NewDesignator=CN1
Change component parameters: Designator = "U14" ("U14"); Footprint = "ICC_LQFP144_20X20_P050_SOCKET_YAMAICHI_IC149-144-145-B5_NM"; UniqueID = "\UIWQTVTY\KXMAJXNK" ("\UIWQTVTY\KXMAJXNK")
Change component parameters (AddParameter): Name = "BMS_Part_Number"; Value = "9175297 (cut 2.0)"; VariantName = "[No Variations]"
Change component parameters (AddParameter): Name = "ComponentLink1Description"; Value = "Datasheet"; VariantName = "[No Variations]"
Change component parameters (AddParameter): Name = "ComponentLink1URL"; Value = "http://tunmcdsvn.tun.st.com/Component_Datasheet_Library/Trunk/IC/STM_STM32L552ZET6QU"; VariantName = "[No Variations]"
Change component parameters (AddParameter): Name = "ECCN_EU"; Value = "NEC"; VariantName = "[No Variations]"
Change component parameters (AddParameter): Name = "ECCN_US"; Value = "3A991A2"; VariantName = "[No Variations]"
Change component parameters (AddParameter): Name = "Internal_Part_Number"; Value = "MCD-01401"; VariantName = "[No Variations]"
Change component parameters (AddParameter): Name = "Manufacturer"; Value = "STMICROELECTRONICS"; VariantName = "[No Variations]"
Change component parameters (AddParameter): Name = "Manufacturer_Part_Number"; Value = "STM32H745ZIT6U"; VariantName = "[No Variations]"
Change component parameters (AddParameter): Name = "Package"; Value = "LQFP144 20x20"; VariantName = "[No Variations]"
Change component parameters (AddParameter): Name = "Part_Type"; Value = "IC"; VariantName = "[No Variations]"
Change component parameters (AddParameter): Name = "Provided_By"; Value = "SUBCO with ST control"; VariantName = "[No Variations]"
Change component parameters (AddParameter): Name = "Status"; Value = "Released"; VariantName = "[No Variations]"
Change component parameters (AddParameter): Name = "Value"; Value = "STM32H745ZIT6U"; VariantName = "[No Variations]"
Add Net: Net with name "Car_Battery_Input" already exists
Add Net: Net with name "Negative_Battery_Input" already exists
Added Member To Class: ClassName=U_ST_LINK_V3E Member=Component D4 CG0603MLC-3.3LE
Added Member To Class: ClassName=U_Connectors Member=Component J? 53261-0671
Added Member To Class: ClassName=U_MCU_144_POWER Member=Component L1 Inductor
