Removed Pin From Net: NetName=3V3 Pin=CN6-1
Removed Pin From Net: NetName=GND Pin=CN6-7
Removed Pin From Net: NetName=PC10 Pin=CN11-1
Removed Pin From Net: NetName=PC11 Pin=CN11-2
Removed Pin From Net: NetName=PC12 Pin=CN11-3
Removed Pin From Net: NetName=PD2 Pin=CN11-4
Removed Pin From Net: NetName=3V3 Pin=CN11-5
Removed Pin From Net: NetName=5V Pin=CN11-6
Removed Pin From Net: NetName=BOOT0 Pin=CN11-7
Removed Pin From Net: NetName=GND Pin=CN11-8
Removed Pin From Net: NetName=PF6 Pin=CN11-9
Removed Pin From Net: NetName=PF7 Pin=CN11-11
Removed Pin From Net: NetName=PA13 Pin=CN11-13
Removed Pin From Net: NetName=CPU_RST Pin=CN11-14
Removed Pin From Net: NetName=PA14 Pin=CN11-15
Removed Pin From Net: NetName=3V3 Pin=CN11-16
Removed Pin From Net: NetName=PA15 Pin=CN11-17
Removed Pin From Net: NetName=5V Pin=CN11-18
Removed Pin From Net: NetName=GND Pin=CN11-19
Removed Pin From Net: NetName=GND Pin=CN11-20
Removed Pin From Net: NetName=PB7 Pin=CN11-21
Removed Pin From Net: NetName=GND Pin=CN11-22
Removed Pin From Net: NetName=PC13 Pin=CN11-23
Removed Pin From Net: NetName=VIN Pin=CN11-24
Removed Pin From Net: NetName=PC14 Pin=CN11-25
Removed Pin From Net: NetName=PC15 Pin=CN11-27
Removed Pin From Net: NetName=PA0 Pin=CN11-28
Removed Pin From Net: NetName=PH0 Pin=CN11-29
Removed Pin From Net: NetName=PA1 Pin=CN11-30
Removed Pin From Net: NetName=PH1 Pin=CN11-31
Removed Pin From Net: NetName=PA4 Pin=CN11-32
Removed Pin From Net: NetName=VBAT Pin=CN11-33
Removed Pin From Net: NetName=PB0 Pin=CN11-34
Removed Pin From Net: NetName=PC2 Pin=CN11-35
Removed Pin From Net: NetName=PC1 Pin=CN11-36
Removed Pin From Net: NetName=PC3 Pin=CN11-37
Removed Pin From Net: NetName=PC0 Pin=CN11-38
Removed Pin From Net: NetName=PD4 Pin=CN11-39
Removed Pin From Net: NetName=PD3 Pin=CN11-40
Removed Pin From Net: NetName=PD5 Pin=CN11-41
Removed Pin From Net: NetName=PD6 Pin=CN11-43
Removed Pin From Net: NetName=PD7 Pin=CN11-45
Removed Pin From Net: NetName=PE2 Pin=CN11-46
Removed Pin From Net: NetName=PE3 Pin=CN11-47
Removed Pin From Net: NetName=PE4 Pin=CN11-48
Removed Pin From Net: NetName=GND Pin=CN11-49
Removed Pin From Net: NetName=PE5 Pin=CN11-50
Removed Pin From Net: NetName=PF8 Pin=CN11-54
Removed Pin From Net: NetName=PD1 Pin=CN11-55
Removed Pin From Net: NetName=PF9 Pin=CN11-56
Removed Pin From Net: NetName=PD0 Pin=CN11-57
Removed Pin From Net: NetName=GND Pin=CN11-60
Removed Pin From Net: NetName=PE1 Pin=CN11-61
Removed Pin From Net: NetName=PE6 Pin=CN11-62
Removed Pin From Net: NetName=PG9 Pin=CN11-63
Removed Pin From Net: NetName=PG12 Pin=CN11-65
Removed Pin From Net: NetName=PG10 Pin=CN11-66
Removed Pin From Net: NetName=PG13 Pin=CN11-68
Removed Pin From Net: NetName=PD9 Pin=CN11-69
Removed Pin From Net: NetName=PG11 Pin=CN11-70
Removed Pin From Net: NetName=PB8 Pin=CN12-3
Removed Pin From Net: NetName=PC6 Pin=CN12-4
Removed Pin From Net: NetName=PB9 Pin=CN12-5
Removed Pin From Net: NetName=PC5 Pin=CN12-6
Removed Pin From Net: NetName=GND Pin=CN12-9
Removed Pin From Net: NetName=PD8 Pin=CN12-10
Removed Pin From Net: NetName=PA5 Pin=CN12-11
Removed Pin From Net: NetName=PA6 Pin=CN12-13
Removed Pin From Net: NetName=PA7 Pin=CN12-15
Removed Pin From Net: NetName=PB12 Pin=CN12-16
Removed Pin From Net: NetName=PB6 Pin=CN12-17
Removed Pin From Net: NetName=PB11 Pin=CN12-18
Removed Pin From Net: NetName=PC7 Pin=CN12-19
Removed Pin From Net: NetName=GND Pin=CN12-20
Removed Pin From Net: NetName=PA9 Pin=CN12-21
Removed Pin From Net: NetName=PB2 Pin=CN12-22
Removed Pin From Net: NetName=PA8 Pin=CN12-23
Removed Pin From Net: NetName=PB1 Pin=CN12-24
Removed Pin From Net: NetName=PB10 Pin=CN12-25
Removed Pin From Net: NetName=PB15 Pin=CN12-26
Removed Pin From Net: NetName=PB4 Pin=CN12-27
Removed Pin From Net: NetName=PB3 Pin=CN12-31
Removed Pin From Net: NetName=AGND Pin=CN12-32
Removed Pin From Net: NetName=PA10 Pin=CN12-33
Removed Pin From Net: NetName=PC4 Pin=CN12-34
Removed Pin From Net: NetName=PA2 Pin=CN12-35
Removed Pin From Net: NetName=PA3 Pin=CN12-37
Removed Pin From Net: NetName=GND Pin=CN12-39
Removed Pin From Net: NetName=PE8 Pin=CN12-40
Removed Pin From Net: NetName=PD13 Pin=CN12-41
Removed Pin From Net: NetName=PF10 Pin=CN12-42
Removed Pin From Net: NetName=PD12 Pin=CN12-43
Removed Pin From Net: NetName=PE7 Pin=CN12-44
Removed Pin From Net: NetName=PD11 Pin=CN12-45
Removed Pin From Net: NetName=PD14 Pin=CN12-46
Removed Pin From Net: NetName=PE10 Pin=CN12-47
Removed Pin From Net: NetName=PD15 Pin=CN12-48
Removed Pin From Net: NetName=PE12 Pin=CN12-49
Removed Pin From Net: NetName=PF14 Pin=CN12-50
Removed Pin From Net: NetName=PE14 Pin=CN12-51
Removed Pin From Net: NetName=PE9 Pin=CN12-52
Removed Pin From Net: NetName=PE15 Pin=CN12-53
Removed Pin From Net: NetName=GND Pin=CN12-54
Removed Pin From Net: NetName=PE13 Pin=CN12-55
Removed Pin From Net: NetName=PE11 Pin=CN12-56
Removed Pin From Net: NetName=PF15 Pin=CN12-60
Removed Pin From Net: NetName=PG14 Pin=CN12-61
Removed Pin From Net: NetName=PF11 Pin=CN12-62
Removed Pin From Net: NetName=GND Pin=CN12-63
Removed Pin From Net: NetName=PE0 Pin=CN12-64
Removed Pin From Net: NetName=PD10 Pin=CN12-65
Removed Pin From Net: NetName=PG8 Pin=CN12-66
Removed Pin From Net: NetName=PG7 Pin=CN12-67
Removed Pin From Net: NetName=PG6 Pin=CN12-70
Removed Pin From Net: NetName=GND Pin=CN15-1
Removed Pin From Net: NetName=GND Pin=CN15-2
Removed Pin From Net: NetName=GND Pin=CN16-1
Removed Pin From Net: NetName=GND Pin=CN16-2
Removed Pin From Net: NetName=PC9 Pin=SB9-1
Removed Pin From Net: NetName=PE6 Pin=SB10-1
Removed Pin From Net: NetName=3V3 Pin=SB14-1
Removed Pin From Net: NetName=PC8 Pin=SB20-2
Removed Pin From Net: NetName=PA11 Pin=SB22-1
Removed Pin From Net: NetName=PA12 Pin=SB23-1
Removed Pin From Net: NetName=3V3 Pin=SB24-1
Removed Pin From Net: NetName=PG10 Pin=SB33-2
Removed Pin From Net: NetName=PG8 Pin=SB34-2
Removed Pin From Net: NetName=PG9 Pin=SB35-2
Removed Pin From Net: NetName=PB14 Pin=SB37-1
Removed Pin From Net: NetName=PE15 Pin=SB38-1
Removed Pin From Net: NetName=PG12 Pin=SB42-2
Removed Pin From Net: NetName=PB13 Pin=SB43-1
Removed Pin From Net: NetName=PE8 Pin=SB47-1
Removed Pin From Net: NetName=PB5 Pin=SB59-1
Removed Pin From Net: NetName=PA4 Pin=SB77-1
Removed Pin From Net: NetName=1V2_MCU Pin=SB95-2
Removed Member From Class: ClassName=U_Connectors Member=CN6
Removed Member From Class: ClassName=U_Connectors Member=CN11
Removed Member From Class: ClassName=U_Connectors Member=CN12
Removed Member From Class: ClassName=U_Connectors Member=CN15
Removed Member From Class: ClassName=U_Connectors Member=CN16
Removed Member From Class: ClassName=U_Connectors Member=SB9
Removed Member From Class: ClassName=U_Connectors Member=SB10
Removed Member From Class: ClassName=U_Connectors Member=SB14
Removed Member From Class: ClassName=U_Connectors Member=SB20
Removed Member From Class: ClassName=U_Connectors Member=SB22
Removed Member From Class: ClassName=U_Connectors Member=SB23
Removed Member From Class: ClassName=U_Connectors Member=SB24
Removed Member From Class: ClassName=U_Connectors Member=SB33
Removed Member From Class: ClassName=U_Connectors Member=SB34
Removed Member From Class: ClassName=U_Connectors Member=SB35
Removed Member From Class: ClassName=U_Connectors Member=SB37
Removed Member From Class: ClassName=U_Connectors Member=SB38
Removed Member From Class: ClassName=U_Connectors Member=SB42
Removed Member From Class: ClassName=U_Connectors Member=SB43
Removed Member From Class: ClassName=U_Connectors Member=SB47
Removed Member From Class: ClassName=U_Connectors Member=SB59
Removed Member From Class: ClassName=U_Connectors Member=SB77
Removed Member From Class: ClassName=U_Connectors Member=SB95
Change Component Designator: OldDesignator=SPI NewDesignator=J2
Added Pin To Net: NetName=5V Pin=J2-1
Added Pin To Net: NetName=PB5 Pin=J2-3
Added Pin To Net: NetName=PA6 Pin=J2-4
Added Pin To Net: NetName=PA5 Pin=J2-5
Added Pin To Net: NetName=GND Pin=J2-6
